<?xml version="1.0" encoding="UTF-8"?>
<!-- Generated by org.testng.reporters.JUnitReportReporter -->
<testsuite skipped="0" hostname="AWLIN-DT-11410" name="Jenkins_Demo.FirstDemo" tests="1" failures="0" timestamp="25 Nov 2020 07:29:57 GMT" time="36.548" errors="0">
  <testcase name="demo" time="36.548" classname="Jenkins_Demo.FirstDemo"/>
</testsuite> <!-- Jenkins_Demo.FirstDemo -->
