<?xml version="1.0" encoding="UTF-8"?>
<!-- Generated by org.testng.reporters.JUnitReportReporter -->
<testsuite skipped="0" hostname="AWLIN-DT-11410" name="DataDrivenTesting.DataDrivenTest_AddEmployeesPartTwo" tests="4" failures="0" timestamp="14 Sep 2020 18:54:27 GMT" time="8.721" errors="0">
  <testcase name="postNewEmployee" time="1.077" classname="DataDrivenTesting.DataDrivenTest_AddEmployeesPartTwo"/>
  <testcase name="postNewEmployee" time="0.702" classname="DataDrivenTesting.DataDrivenTest_AddEmployeesPartTwo"/>
  <testcase name="postNewEmployee" time="6.115" classname="DataDrivenTesting.DataDrivenTest_AddEmployeesPartTwo"/>
  <testcase name="postNewEmployee" time="0.827" classname="DataDrivenTesting.DataDrivenTest_AddEmployeesPartTwo"/>
</testsuite> <!-- DataDrivenTesting.DataDrivenTest_AddEmployeesPartTwo -->
