<?xml version="1.0" encoding="UTF-8"?>
<!-- Generated by org.testng.reporters.JUnitReportReporter -->
<testsuite skipped="0" hostname="AWLIN-DT-11410" name="RestAssuredAPI.RestAPI.TC002_POST_Request" tests="1" failures="0" timestamp="07 Nov 2020 16:27:03 GMT" time="5.382" errors="0">
  <testcase name="Registration" time="5.382" classname="RestAssuredAPI.RestAPI.TC002_POST_Request"/>
</testsuite> <!-- RestAssuredAPI.RestAPI.TC002_POST_Request -->
