<?xml version="1.0" encoding="UTF-8"?>
<!-- Generated by org.testng.reporters.JUnitReportReporter -->
<testsuite skipped="0" hostname="AWLIN-DT-11410" name="RestAssuredAPI.RestAPI.TC003_GET_Request" tests="1" failures="0" timestamp="07 Sep 2020 07:45:58 GMT" time="1.887" errors="0">
  <testcase name="getdetails" time="1.887" classname="RestAssuredAPI.RestAPI.TC003_GET_Request"/>
</testsuite> <!-- RestAssuredAPI.RestAPI.TC003_GET_Request -->
