<?xml version="1.0" encoding="UTF-8"?>
<!-- Generated by org.testng.reporters.JUnitReportReporter -->
<testsuite skipped="0" hostname="AWLIN-DT-11410" name="DataDrivenTesting.DataDrivenTest_AddEmployees" tests="3" failures="0" timestamp="08 Sep 2020 10:08:37 GMT" time="7.522" errors="0">
  <testcase name="postNewEmployee" time="3.807" classname="DataDrivenTesting.DataDrivenTest_AddEmployees"/>
  <testcase name="postNewEmployee" time="0.844" classname="DataDrivenTesting.DataDrivenTest_AddEmployees"/>
  <testcase name="postNewEmployee" time="2.871" classname="DataDrivenTesting.DataDrivenTest_AddEmployees"/>
</testsuite> <!-- DataDrivenTesting.DataDrivenTest_AddEmployees -->
