<?xml version="1.0" encoding="UTF-8"?>
<!-- Generated by org.testng.reporters.JUnitReportReporter -->
<testsuite skipped="0" hostname="AWLIN-DT-11410" name="RestAssuredAPI.RestAPI.TC006_GET_ExtractValueOfEachNodeInJSON" tests="1" failures="0" timestamp="07 Sep 2020 19:16:09 GMT" time="1.957" errors="0">
  <testcase name="getdetails" time="1.957" classname="RestAssuredAPI.RestAPI.TC006_GET_ExtractValueOfEachNodeInJSON"/>
</testsuite> <!-- RestAssuredAPI.RestAPI.TC006_GET_ExtractValueOfEachNodeInJSON -->
