<?xml version="1.0" encoding="UTF-8"?>
<!-- Generated by org.testng.reporters.JUnitReportReporter -->
<testsuite skipped="0" hostname="AWLIN-DT-11410" name="DataDrivenTesting.DataDrivenTest_AddEmployeesPartOne" tests="3" failures="0" timestamp="14 Sep 2020 18:25:30 GMT" time="8.020" errors="0">
  <testcase name="postNewEmployee" time="0.516" classname="DataDrivenTesting.DataDrivenTest_AddEmployeesPartOne"/>
  <testcase name="postNewEmployee" time="2.590" classname="DataDrivenTesting.DataDrivenTest_AddEmployeesPartOne"/>
  <testcase name="postNewEmployee" time="4.914" classname="DataDrivenTesting.DataDrivenTest_AddEmployeesPartOne"/>
</testsuite> <!-- DataDrivenTesting.DataDrivenTest_AddEmployeesPartOne -->
